Using pre-set license
Built from '2022.3/staging' branch; Version is '2022.3.11f1 (d00248457e15) revision 13632072'; Using compiler version '192829333'; Build Type 'Release'
OS: 'Windows 10  (10.0.19045) 64bit Professional' Language: 'en' Physical Memory: 16185 MB
BatchMode: 1, IsHumanControllingUs: 0, StartBugReporterOnCrash: 0, Is64bit: 1, IsPro: 1

COMMAND LINE ARGUMENTS:
C:\Program Files\Unity\Hub\Editor\2022.3.11f1\Editor\Unity.exe
-adb2
-batchMode
-noUpm
-name
AssetImportWorker1
-projectPath
C:/Users/jagui/Documents/PUJ/Proyecto Final/Solver Sphere/Solver Sphere
-logFile
Logs/AssetImportWorker1.log
-srvPort
21835
Successfully changed project path to: C:/Users/jagui/Documents/PUJ/Proyecto Final/Solver Sphere/Solver Sphere
C:/Users/jagui/Documents/PUJ/Proyecto Final/Solver Sphere/Solver Sphere
[UnityMemory] Configuration Parameters - Can be set up in boot.config
    "memorysetup-bucket-allocator-granularity=16"
    "memorysetup-bucket-allocator-bucket-count=8"
    "memorysetup-bucket-allocator-block-size=33554432"
    "memorysetup-bucket-allocator-block-count=8"
    "memorysetup-main-allocator-block-size=16777216"
    "memorysetup-thread-allocator-block-size=16777216"
    "memorysetup-gfx-main-allocator-block-size=16777216"
    "memorysetup-gfx-thread-allocator-block-size=16777216"
    "memorysetup-cache-allocator-block-size=4194304"
    "memorysetup-typetree-allocator-block-size=2097152"
    "memorysetup-profiler-bucket-allocator-granularity=16"
    "memorysetup-profiler-bucket-allocator-bucket-count=8"
    "memorysetup-profiler-bucket-allocator-block-size=33554432"
    "memorysetup-profiler-bucket-allocator-block-count=8"
    "memorysetup-profiler-allocator-block-size=16777216"
    "memorysetup-profiler-editor-allocator-block-size=1048576"
    "memorysetup-temp-allocator-size-main=16777216"
    "memorysetup-job-temp-allocator-block-size=2097152"
    "memorysetup-job-temp-allocator-block-size-background=1048576"
    "memorysetup-job-temp-allocator-reduction-small-platforms=262144"
    "memorysetup-allocator-temp-initial-block-size-main=262144"
    "memorysetup-allocator-temp-initial-block-size-worker=262144"
    "memorysetup-temp-allocator-size-background-worker=32768"
    "memorysetup-temp-allocator-size-job-worker=262144"
    "memorysetup-temp-allocator-size-preload-manager=33554432"
    "memorysetup-temp-allocator-size-nav-mesh-worker=65536"
    "memorysetup-temp-allocator-size-audio-worker=65536"
    "memorysetup-temp-allocator-size-cloud-worker=32768"
    "memorysetup-temp-allocator-size-gi-baking-worker=262144"
    "memorysetup-temp-allocator-size-gfx=262144"
Player connection [22316] Host "[IP] 192.168.20.27 [Port] 0 [Flags] 2 [Guid] 1507710828 [EditorId] 1507710828 [Version] 1048832 [Id] WindowsEditor(7,LAPTOP-NJLPSSDJ) [Debug] 1 [PackageName] WindowsEditor [ProjectName] Editor" joined multi-casting on [225.0.0.222:54997]...

Player connection [22316] Host "[IP] 192.168.20.27 [Port] 0 [Flags] 2 [Guid] 1507710828 [EditorId] 1507710828 [Version] 1048832 [Id] WindowsEditor(7,LAPTOP-NJLPSSDJ) [Debug] 1 [PackageName] WindowsEditor [ProjectName] Editor" joined alternative multi-casting on [225.0.0.222:34997]...

[Physics::Module] Initialized MultithreadedJobDispatcher with 11 workers.
Refreshing native plugins compatible for Editor in 13.96 ms, found 3 plugins.
Preloading 0 native plugins for Editor in 0.00 ms.
Initialize engine version: 2022.3.11f1 (d00248457e15)
[Subsystems] Discovering subsystems at path C:/Program Files/Unity/Hub/Editor/2022.3.11f1/Editor/Data/Resources/UnitySubsystems
[Subsystems] Discovering subsystems at path C:/Users/jagui/Documents/PUJ/Proyecto Final/Solver Sphere/Solver Sphere/Assets
GfxDevice: creating device client; threaded=0; jobified=0
Direct3D:
    Version:  Direct3D 11.0 [level 11.1]
    Renderer: NVIDIA GeForce RTX 2060 (ID=0x1f55)
    Vendor:   NVIDIA
    VRAM:     5980 MB
    Driver:   30.0.15.1295
Initialize mono
Mono path[0] = 'C:/Program Files/Unity/Hub/Editor/2022.3.11f1/Editor/Data/Managed'
Mono path[1] = 'C:/Program Files/Unity/Hub/Editor/2022.3.11f1/Editor/Data/MonoBleedingEdge/lib/mono/unityjit-win32'
Mono config path = 'C:/Program Files/Unity/Hub/Editor/2022.3.11f1/Editor/Data/MonoBleedingEdge/etc'
Using monoOptions --debugger-agent=transport=dt_socket,embedding=1,server=y,suspend=n,address=127.0.0.1:56676
Begin MonoManager ReloadAssembly
Registering precompiled unity dll's ...
Register platform support module: C:/Program Files/Unity/Hub/Editor/2022.3.11f1/Editor/Data/PlaybackEngines/AndroidPlayer/UnityEditor.Android.Extensions.dll
Register platform support module: C:/Program Files/Unity/Hub/Editor/2022.3.11f1/Editor/Data/PlaybackEngines/iOSSupport/UnityEditor.iOS.Extensions.dll
Register platform support module: C:/Program Files/Unity/Hub/Editor/2022.3.11f1/Editor/Data/PlaybackEngines/WindowsStandaloneSupport/UnityEditor.WindowsStandalone.Extensions.dll
Registered in 0.016601 seconds.
- Loaded All Assemblies, in  0.507 seconds
Native extension for WindowsStandalone target not found
[usbmuxd] Start listen thread
[usbmuxd] Listen thread started
[usbmuxd] Send listen message
Native extension for iOS target not found
Native extension for Android target not found
Android Extension - Scanning For ADB Devices 300 ms
Mono: successfully reloaded assembly
- Finished resetting the current domain, in  0.719 seconds
Domain Reload Profiling: 1222ms
	BeginReloadAssembly (145ms)
		ExecutionOrderSort (0ms)
		DisableScriptedObjects (0ms)
		BackupInstance (0ms)
		ReleaseScriptingObjects (0ms)
		CreateAndSetChildDomain (1ms)
	RebuildCommonClasses (52ms)
	RebuildNativeTypeToScriptingClass (14ms)
	initialDomainReloadingComplete (89ms)
	LoadAllAssembliesAndSetupDomain (203ms)
		LoadAssemblies (142ms)
		RebuildTransferFunctionScriptingTraits (0ms)
		AnalyzeDomain (200ms)
			TypeCache.Refresh (199ms)
				TypeCache.ScanAssembly (181ms)
			ScanForSourceGeneratedMonoScriptInfo (0ms)
			ResolveRequiredComponents (0ms)
	FinalizeReload (719ms)
		ReleaseScriptCaches (0ms)
		RebuildScriptCaches (0ms)
		SetupLoadedEditorAssemblies (649ms)
			LogAssemblyErrors (0ms)
			InitializePlatformSupportModulesInManaged (447ms)
			SetLoadedEditorAssemblies (7ms)
			RefreshPlugins (0ms)
			BeforeProcessingInitializeOnLoad (2ms)
			ProcessInitializeOnLoadAttributes (129ms)
			ProcessInitializeOnLoadMethodAttributes (63ms)
			AfterProcessingInitializeOnLoad (0ms)
			EditorAssembliesLoaded (0ms)
		ExecutionOrderSort2 (0ms)
		AwakeInstancesAfterBackupRestoration (0ms)
========================================================================
Worker process is ready to serve import requests
Begin MonoManager ReloadAssembly
Symbol file LoadedFromMemory is not a mono symbol file
- Loaded All Assemblies, in  0.977 seconds
Refreshing native plugins compatible for Editor in 4.84 ms, found 3 plugins.
Native extension for WindowsStandalone target not found
Native extension for iOS target not found
Native extension for Android target not found
Package Manager log level set to [2]
[Package Manager] Server::EnsureServerProcessIsRunning -- launch failed, reason: Unity was launched with the -noUpm command-line argument
[Package Manager] UpmClient::Send -- Unable to send message (not connected to UPM process).
[Package Manager] Cannot connect to Unity Package Manager local server
Mono: successfully reloaded assembly
- Finished resetting the current domain, in  1.043 seconds
Domain Reload Profiling: 2014ms
	BeginReloadAssembly (205ms)
		ExecutionOrderSort (0ms)
		DisableScriptedObjects (7ms)
		BackupInstance (0ms)
		ReleaseScriptingObjects (0ms)
		CreateAndSetChildDomain (29ms)
	RebuildCommonClasses (59ms)
	RebuildNativeTypeToScriptingClass (19ms)
	initialDomainReloadingComplete (54ms)
	LoadAllAssembliesAndSetupDomain (634ms)
		LoadAssemblies (471ms)
		RebuildTransferFunctionScriptingTraits (0ms)
		AnalyzeDomain (286ms)
			TypeCache.Refresh (253ms)
				TypeCache.ScanAssembly (221ms)
			ScanForSourceGeneratedMonoScriptInfo (25ms)
			ResolveRequiredComponents (6ms)
	FinalizeReload (1043ms)
		ReleaseScriptCaches (0ms)
		RebuildScriptCaches (0ms)
		SetupLoadedEditorAssemblies (831ms)
			LogAssemblyErrors (0ms)
			InitializePlatformSupportModulesInManaged (49ms)
			SetLoadedEditorAssemblies (6ms)
			RefreshPlugins (0ms)
			BeforeProcessingInitializeOnLoad (134ms)
			ProcessInitializeOnLoadAttributes (587ms)
			ProcessInitializeOnLoadMethodAttributes (43ms)
			AfterProcessingInitializeOnLoad (11ms)
			EditorAssembliesLoaded (0ms)
		ExecutionOrderSort2 (0ms)
		AwakeInstancesAfterBackupRestoration (8ms)
Launched and connected shader compiler UnityShaderCompiler.exe after 0.05 seconds
Refreshing native plugins compatible for Editor in 6.19 ms, found 3 plugins.
Preloading 0 native plugins for Editor in 0.00 ms.
Unloading 3994 Unused Serialized files (Serialized files now loaded: 0)
Unloading 41 unused Assets / (59.4 KB). Loaded Objects now: 4475.
Memory consumption went from 161.4 MB to 161.4 MB.
Total: 4.868700 ms (FindLiveObjects: 0.697100 ms CreateObjectMapping: 0.379500 ms MarkObjects: 3.639400 ms  DeleteObjects: 0.151400 ms)

AssetImportParameters requested are different than current active one (requested -> active):
  custom:container-demuxer-ogg: 62fdf1f143b41e24485cea50d1cbac27 -> 
  custom:video-codec-MediaFoundation-h265: 746d11721c4dcdbdad8f713fa42b33f4 -> 
  custom:video-decoder-ogg-theora: a1e56fd34408186e4bbccfd4996cb3dc -> 
  custom:framework-win-MediaFoundation: 216162199b28c13a410421893ffa2e32 -> 
  custom:CustomObjectIndexerAttribute: 756ad292c208cfabdd7b50bc23989ffe -> 
  custom:container-demuxer-webm: 4f35f7cbe854078d1ac9338744f61a02 -> 
  custom:container-muxer-webm: aa71ff27fc2769a1b78a27578f13a17b -> 
  custom:video-decoder-webm-vp8: 9c59270c3fd7afecdb556c50c9e8de78 -> 
  custom:SearchIndexIgnoredProperties: e643bd26f0fe6173181afceb89e7c659 -> 
  custom:AudioImporter_EditorPlatform: d09bf68614088b80899f8185d706f6e7 -> 
  custom:video-encoder-webm-vp8: eb34c28f22e8b96e1ab97ce403110664 -> 
  custom:audio-decoder-ogg-vorbis: bf7c407c2cedff20999df2af8eb42d56 -> 
  custom:audio-encoder-webm-vorbis: bf7c407c2cedff20999df2af8eb42d56 -> 
========================================================================
Received Import Request.
  Time since last request: 764331.820009 seconds.
  path: Assets/MazeGenerator/Textures/coin_tex.png
  artifactKey: Guid(b7bb56c1945846044ac6a9b06f5332ba) Importer(815301076,1909f56bfc062723c751e8b465ee728b)
Start importing Assets/MazeGenerator/Textures/coin_tex.png using Guid(b7bb56c1945846044ac6a9b06f5332ba) Importer(815301076,1909f56bfc062723c751e8b465ee728b)  -> (artifact id: '4d325f0613bdfe04ece196e4b911f4b2') in 0.089114 seconds
Number of updated asset objects reloaded before import = 0
Number of asset objects unloaded after import = 2
========================================================================
Received Import Request.
  Time since last request: 1.199536 seconds.
  path: Assets/MazeGenerator/Sounds/Hit.wav
  artifactKey: Guid(a5548be9a9e5a6d43adb6e184f7b96bb) Importer(815301076,1909f56bfc062723c751e8b465ee728b)
Start importing Assets/MazeGenerator/Sounds/Hit.wav using Guid(a5548be9a9e5a6d43adb6e184f7b96bb) Importer(815301076,1909f56bfc062723c751e8b465ee728b)  -> (artifact id: 'ff251a996f15ade09d80524eaabd99e4') in 0.065688 seconds
Number of updated asset objects reloaded before import = 0
Number of asset objects unloaded after import = 2
========================================================================
Received Import Request.
  Time since last request: 511.989802 seconds.
  path: Assets/BlockyCustomCharacter/Materials/Material_001.mat
  artifactKey: Guid(4b78e6a4d196b8340b9cf96bba9c4246) Importer(815301076,1909f56bfc062723c751e8b465ee728b)
Start importing Assets/BlockyCustomCharacter/Materials/Material_001.mat using Guid(4b78e6a4d196b8340b9cf96bba9c4246) Importer(815301076,1909f56bfc062723c751e8b465ee728b)  -> (artifact id: '41eb77620ae1044ab810f64cf1fe889b') in 0.061169 seconds
Number of updated asset objects reloaded before import = 0
Number of asset objects unloaded after import = 1
========================================================================
Received Import Request.
  Time since last request: 0.000045 seconds.
  path: Assets/BlockyCustomCharacter/Materials/Material_005.mat
  artifactKey: Guid(a7d4ded94df00c048877272ae31cdf37) Importer(815301076,1909f56bfc062723c751e8b465ee728b)
Start importing Assets/BlockyCustomCharacter/Materials/Material_005.mat using Guid(a7d4ded94df00c048877272ae31cdf37) Importer(815301076,1909f56bfc062723c751e8b465ee728b)  -> (artifact id: '98ea13d9343570a9712d3b769a1221d0') in 0.023172 seconds
Number of updated asset objects reloaded before import = 0
Number of asset objects unloaded after import = 1
========================================================================
Received Import Request.
  Time since last request: 0.000034 seconds.
  path: Assets/BlockyCustomCharacter/Materials/Material_003.mat
  artifactKey: Guid(1016788ba741ddb41a6b50a4978048d0) Importer(815301076,1909f56bfc062723c751e8b465ee728b)
Start importing Assets/BlockyCustomCharacter/Materials/Material_003.mat using Guid(1016788ba741ddb41a6b50a4978048d0) Importer(815301076,1909f56bfc062723c751e8b465ee728b)  -> (artifact id: '496af065d6f5d98610d3f6243985151a') in 0.020370 seconds
Number of updated asset objects reloaded before import = 0
Number of asset objects unloaded after import = 1
========================================================================
Received Import Request.
  Time since last request: 0.000266 seconds.
  path: Assets/BlockyCustomCharacter/Materials/Material_008.mat
  artifactKey: Guid(c5b332f7983c9ce4c89c4917247eb2ee) Importer(815301076,1909f56bfc062723c751e8b465ee728b)
Start importing Assets/BlockyCustomCharacter/Materials/Material_008.mat using Guid(c5b332f7983c9ce4c89c4917247eb2ee) Importer(815301076,1909f56bfc062723c751e8b465ee728b)  -> (artifact id: 'e2686630de9d45f89f437ec09a9a0c61') in 0.017842 seconds
Number of updated asset objects reloaded before import = 0
Number of asset objects unloaded after import = 1
========================================================================
Received Import Request.
  Time since last request: 0.008601 seconds.
  path: Assets/BlockyCustomCharacter/Materials/Material_011.mat
  artifactKey: Guid(bf5fb62a440508947a64b60525361e28) Importer(815301076,1909f56bfc062723c751e8b465ee728b)
Start importing Assets/BlockyCustomCharacter/Materials/Material_011.mat using Guid(bf5fb62a440508947a64b60525361e28) Importer(815301076,1909f56bfc062723c751e8b465ee728b)  -> (artifact id: 'e19373c8d7d23da8ed6a08d1c8758e92') in 0.012001 seconds
Number of updated asset objects reloaded before import = 0
Number of asset objects unloaded after import = 1
========================================================================
Received Import Request.
  Time since last request: 0.011559 seconds.
  path: Assets/BlockyCustomCharacter/Materials/Material_014.mat
  artifactKey: Guid(73664250a21c4034b90b362db4761e55) Importer(815301076,1909f56bfc062723c751e8b465ee728b)
Start importing Assets/BlockyCustomCharacter/Materials/Material_014.mat using Guid(73664250a21c4034b90b362db4761e55) Importer(815301076,1909f56bfc062723c751e8b465ee728b)  -> (artifact id: '73735e4d28705aa9b492e2c54aeab07b') in 0.012687 seconds
Number of updated asset objects reloaded before import = 0
Number of asset objects unloaded after import = 1
========================================================================
Received Import Request.
  Time since last request: 0.009788 seconds.
  path: Assets/BlockyCustomCharacter/Materials/No Name.mat
  artifactKey: Guid(ffd26f1e1fb21db48bcaf2dd616bb6c7) Importer(815301076,1909f56bfc062723c751e8b465ee728b)
Start importing Assets/BlockyCustomCharacter/Materials/No Name.mat using Guid(ffd26f1e1fb21db48bcaf2dd616bb6c7) Importer(815301076,1909f56bfc062723c751e8b465ee728b)  -> (artifact id: 'd9e17ac16e35b7da07b6d8131cc7e819') in 0.012600 seconds
Number of updated asset objects reloaded before import = 0
Number of asset objects unloaded after import = 1
========================================================================
Received Import Request.
  Time since last request: 0.016126 seconds.
  path: Assets/BlockyCustomCharacter/Materials/White.mat
  artifactKey: Guid(cdaacfe07290ff44db6755696bb6d1e4) Importer(815301076,1909f56bfc062723c751e8b465ee728b)
Start importing Assets/BlockyCustomCharacter/Materials/White.mat using Guid(cdaacfe07290ff44db6755696bb6d1e4) Importer(815301076,1909f56bfc062723c751e8b465ee728b)  -> (artifact id: '97bfb6bd00631a923d2deedf84f48cf6') in 0.017189 seconds
Number of updated asset objects reloaded before import = 0
Number of asset objects unloaded after import = 1
Editor requested this worker to shutdown with reason: Scaling down because of idle timeout
TcpMessagingSession - receive error: operation aborted. errorcode: 995, details: The I/O operation has been aborted because of either a thread exit or an application request.
AssetImportWorker is now disconnected from the server
Process exiting
Exiting without the bug reporter. Application will terminate with return code 0